Dec 03 14:36:29 Installed: mailx-12.5-19.el7.x86_64
Dec 03 14:36:29 Installed: libreport-filesystem-2.1.11-43.el7.centos.x86_64
Dec 03 14:36:30 Installed: mdadm-4.1-1.el7.x86_64
Dec 03 14:36:30 Installed: 1:smartmontools-7.0-1.el7.x86_64
Dec 03 14:36:30 Installed: hdparm-9.43-5.el7.x86_64
Dec 03 14:36:30 Installed: gdisk-0.8.10-3.el7.x86_64
Dec 03 14:44:28 Installed: wget-1.14-18.el7_6.1.x86_64
Dec 03 14:52:16 Updated: libgcc-4.8.5-39.el7.x86_64
Dec 03 14:52:20 Updated: glibc-common-2.17-292.el7.x86_64
Dec 03 14:52:21 Updated: glibc-2.17-292.el7.x86_64
Dec 03 14:52:22 Installed: mpfr-3.1.1-4.el7.x86_64
Dec 03 14:52:22 Installed: libmpc-1.0.1-3.el7.x86_64
Dec 03 14:52:22 Installed: cpp-4.8.5-39.el7.x86_64
Dec 03 14:52:22 Updated: libgomp-4.8.5-39.el7.x86_64
Dec 03 14:52:23 Installed: kernel-headers-3.10.0-1062.4.3.el7.x86_64
Dec 03 14:52:23 Installed: glibc-headers-2.17-292.el7.x86_64
Dec 03 14:52:24 Installed: glibc-devel-2.17-292.el7.x86_64
Dec 03 14:52:25 Installed: gcc-4.8.5-39.el7.x86_64
Dec 03 14:52:43 Installed: m4-1.4.16-10.el7.x86_64
Dec 03 14:52:44 Installed: bison-3.0.4-2.el7.x86_64
Dec 03 14:52:51 Installed: flex-2.5.37-6.el7.x86_64
Dec 03 15:04:46 Installed: ncurses-devel-5.9-14.20130511.el7_4.x86_64
Dec 03 15:10:03 Updated: libcom_err-1.42.9-16.el7.x86_64
Dec 03 15:10:04 Updated: 1:openssl-libs-1.0.2k-19.el7.x86_64
Dec 03 15:10:04 Updated: krb5-libs-1.15.1-37.el7_7.2.x86_64
Dec 03 15:10:04 Updated: elfutils-libelf-0.176-2.el7.x86_64
Dec 03 15:10:04 Installed: zlib-devel-1.2.7-18.el7.x86_64
Dec 03 15:10:04 Installed: libkadm5-1.15.1-37.el7_7.2.x86_64
Dec 03 15:10:04 Installed: libcom_err-devel-1.42.9-16.el7.x86_64
Dec 03 15:10:04 Updated: libss-1.42.9-16.el7.x86_64
Dec 03 15:10:04 Updated: e2fsprogs-libs-1.42.9-16.el7.x86_64
Dec 03 15:10:04 Installed: 1:perl-parent-0.225-244.el7.noarch
Dec 03 15:10:04 Installed: perl-HTTP-Tiny-0.033-3.el7.noarch
Dec 03 15:10:04 Installed: perl-podlators-2.5.1-3.el7.noarch
Dec 03 15:10:04 Installed: perl-Pod-Perldoc-3.20-4.el7.noarch
Dec 03 15:10:04 Installed: 1:perl-Pod-Escapes-1.04-294.el7_6.noarch
Dec 03 15:10:04 Installed: perl-Encode-2.51-7.el7.x86_64
Dec 03 15:10:04 Installed: perl-Text-ParseWords-3.29-4.el7.noarch
Dec 03 15:10:04 Installed: perl-Pod-Usage-1.63-3.el7.noarch
Dec 03 15:10:04 Installed: 4:perl-libs-5.16.3-294.el7_6.x86_64
Dec 03 15:10:04 Installed: 4:perl-macros-5.16.3-294.el7_6.x86_64
Dec 03 15:10:05 Installed: perl-Storable-2.45-3.el7.x86_64
Dec 03 15:10:05 Installed: perl-Exporter-5.68-3.el7.noarch
Dec 03 15:10:05 Installed: perl-constant-1.27-2.el7.noarch
Dec 03 15:10:05 Installed: perl-Time-Local-1.2300-2.el7.noarch
Dec 03 15:10:05 Installed: perl-Socket-2.010-4.el7.x86_64
Dec 03 15:10:05 Installed: perl-Carp-1.26-244.el7.noarch
Dec 03 15:10:05 Installed: 4:perl-Time-HiRes-1.9725-3.el7.x86_64
Dec 03 15:10:05 Installed: perl-PathTools-3.40-5.el7.x86_64
Dec 03 15:10:05 Installed: perl-Scalar-List-Utils-1.27-248.el7.x86_64
Dec 03 15:10:05 Installed: 1:perl-Pod-Simple-3.28-4.el7.noarch
Dec 03 15:10:05 Installed: perl-File-Temp-0.23.01-3.el7.noarch
Dec 03 15:10:05 Installed: perl-File-Path-2.09-2.el7.noarch
Dec 03 15:10:05 Installed: perl-threads-shared-1.43-6.el7.x86_64
Dec 03 15:10:05 Installed: perl-threads-1.87-4.el7.x86_64
Dec 03 15:10:05 Installed: perl-Filter-1.49-3.el7.x86_64
Dec 03 15:10:05 Installed: perl-Getopt-Long-2.40-3.el7.noarch
Dec 03 15:10:07 Installed: 4:perl-5.16.3-294.el7_6.x86_64
Dec 03 15:10:07 Installed: pcre-devel-8.32-17.el7.x86_64
Dec 03 15:10:07 Installed: libverto-devel-0.2.5-4.el7.x86_64
Dec 03 15:10:07 Installed: libsepol-devel-2.5-10.el7.x86_64
Dec 03 15:10:07 Installed: libselinux-devel-2.5-14.1.el7.x86_64
Dec 03 15:10:07 Installed: keyutils-libs-devel-1.5.8-3.el7.x86_64
Dec 03 15:10:07 Installed: krb5-devel-1.15.1-37.el7_7.2.x86_64
Dec 03 15:10:08 Installed: 1:openssl-devel-1.0.2k-19.el7.x86_64
Dec 03 15:10:08 Updated: e2fsprogs-1.42.9-16.el7.x86_64
Dec 03 15:10:08 Installed: elfutils-libelf-devel-0.176-2.el7.x86_64
Dec 03 15:10:09 Updated: elfutils-libs-0.176-2.el7.x86_64
Dec 03 15:10:09 Updated: 1:openssl-1.0.2k-19.el7.x86_64
Dec 03 15:10:09 Installed: bc-1.06.95-13.el7.x86_64
Dec 03 19:50:24 Installed: screen-4.1.0-0.25.20120314git3c2946.el7.x86_64
Dec 03 21:07:07 Installed: epel-release-7-11.noarch
Dec 03 21:08:05 Installed: lnav-0.7.3-1.el7.x86_64
Dec 04 12:36:26 Installed: net-tools-2.0-0.25.20131004git.el7.x86_64
